You are using pip version 9.0.3, however version 19.0.3 is available.
You should consider upgrading via the 'pip install --upgrade pip' command.
wine-1.13.0-py2.py3-none-any.whl
Collecting requests-toolbelt!=0.9.0,>=0.8.0 (from twine~=1.10)
  Downloading https://files.pythonhosted.org/packages/60/ef/7681134338fc097acef8d9b2f8abe0458e4d87559c689a8c306d0957ece5/requests_toolbelt-0.9.1-py2.py3-none-any.whl (54kB)
Requirement already satisfied: setuptools>=0.7.0 in /Users/irene1/anaconda3/lib/python3.7/site-packages (from twine~=1.10)
Requirement already satisfied: pkginfo>=1.4.2 in /Users/irene1/anaconda3/lib/python3.7/site-packages (from twine~=1.10)
Requirement already satisfied: requests!=2.15,!=2.16,>=2.5.0 in /Users/irene1/anaconda3/lib/python3.7/site-packages (from twine~=1.10)
Collecting readme-renderer>=21.0 (from twine~=1.10)
  Downloading https://files.pythonhosted.org/packages/c3/7e/d1aae793900f36b097cbfcc5e70eef82b5b56423a6c52a36dce51fedd8f0/readme_renderer-24.0-py2.py3-none-any.whl
Requirement already satisfied: tqdm>=4.14 in /Users/irene1/anaconda3/lib/python3.7/site-packages (from twine~=1.10)
Requirement already satisfied: idna<2.9,>=2.5 in /Users/irene1/anaconda3/lib/python3.7/site-packages (from requests!=2.15,!=2.16,>=2.5.0->twine~=1.10)
Requirement already satisfied: urllib3<1.25,>=1.21.1 in /Users/irene1/anaconda3/lib/python3.7/site-packages (from requests!=2.15,!=2.16,>=2.5.0->twine~=1.10)
Requirement already satisfied: certifi>=2017.4.17 in /Users/irene1/anaconda3/lib/python3.7/site-packages (from requests!=2.15,!=2.16,>=2.5.0->twine~=1.10)
Requirement already satisfied: chardet<3.1.0,>=3.0.2 in /Users/irene1/anaconda3/lib/python3.7/site-packages (from requests!=2.15,!=2.16,>=2.5.0->twine~=1.10)
Requirement already satisfied: six in /Users/irene1/anaconda3/lib/python3.7/site-packages (from readme-renderer>=21.0->twine~=1.10)
Requirement already satisfied: Pygments in /Users/irene1/anaconda3/lib/python3.7/site-packages (from readme-renderer>=21.0->twine~=1.10)
Requirement already satisfied: docutils>=0.13.1 in /Users/irene1/anaconda3/lib/python3.7/site-packages (from readme-renderer>=21.0->twine~=1.10)
Requirement already satisfied: bleach>=2.1.0 in /Users/irene1/anaconda3/lib/python3.7/site-packages (from readme-renderer>=21.0->twine~=1.10)
Requirement already satisfied: webencodings in /Users/irene1/anaconda3/lib/python3.7/site-packages (from bleach>=2.1.0->readme-renderer>=21.0->twine~=1.10)
Installing collected packages: requests-toolbelt, readme-renderer, twine
Successfully installed readme-renderer-24.0 requests-toolbelt-0.9.1 twine-1.13.0
